;  LST file generated by mikroListExporter - v.2.0 
; Date/Time: 8/1/2023 1:02:49 AM
;----------------------------------------------

;Address Opcode 	ASM
0x0000	0x2816      	GOTO       22
_____DoICP:
;__Lib_System.c,6 :: 		
;__Lib_System.c,9 :: 		
0x0003	0x1283      	BCF        STATUS, 5
0x0004	0x1303      	BCF        STATUS, 6
0x0005	0x0821      	MOVF       ___DoICPAddr+1, 0
0x0006	0x008A      	MOVWF      PCLATH
;__Lib_System.c,10 :: 		
0x0007	0x0820      	MOVF       ___DoICPAddr, 0
0x0008	0x0082      	MOVWF      PCL
;__Lib_System.c,12 :: 		
L_end_____DoICP:
0x0009	0x0008      	RETURN
; end of _____DoICP
___CC2DW:
;__Lib_System.c,134 :: 		
;__Lib_System.c,137 :: 		
_CC2D_Loop1:
;__Lib_System.c,139 :: 		
0x000A	0x2003      	CALL       _____DoICP
0x000B	0x118A      	BCF        PCLATH, 3
0x000C	0x120A      	BCF        PCLATH, 4
;__Lib_System.c,141 :: 		
0x000D	0x0080      	MOVWF      INDF
;__Lib_System.c,142 :: 		
0x000E	0x0A84      	INCF       FSR, 1
;__Lib_System.c,143 :: 		
0x000F	0x0AA0      	INCF       ___DoICPAddr, 1
;__Lib_System.c,145 :: 		
0x0010	0x1903      	BTFSC      STATUS, 2
;__Lib_System.c,146 :: 		
0x0011	0x0AA1      	INCF       ___DoICPAddr+1, 1
;__Lib_System.c,147 :: 		
0x0012	0x03F0      	DECF       R0, 1
;__Lib_System.c,149 :: 		
0x0013	0x1D03      	BTFSS      STATUS, 2
;__Lib_System.c,150 :: 		
0x0014	0x280A      	GOTO       _CC2D_Loop1
;__Lib_System.c,152 :: 		
L_end___CC2DW:
0x0015	0x0008      	RETURN
; end of ___CC2DW
_main:
;MyProject.c,1 :: 		void main(){
;MyProject.c,2 :: 		int arr[]={0,1,2,3,4,5,6,7,8,9,16,17,18,19,20,21,22,23,24,25,32,33,34,35};
0x0016	0x3086      	MOVLW      ?ICSmain_arr_L0
0x0017	0x1283      	BCF        STATUS, 5
0x0018	0x1303      	BCF        STATUS, 6
0x0019	0x00A0      	MOVWF      ___DoICPAddr
0x001A	0x3001      	MOVLW      hi_addr(?ICSmain_arr_L0)
0x001B	0x00A1      	MOVWF      ___DoICPAddr+1
0x001C	0x3024      	MOVLW      main_arr_L0
0x001D	0x0084      	MOVWF      FSR
0x001E	0x3034      	MOVLW      52
0x001F	0x00F0      	MOVWF      R0
0x0020	0x200A      	CALL       ___CC2DW
;MyProject.c,5 :: 		trisb=0;
0x0021	0x1683      	BSF        STATUS, 5
0x0022	0x0186      	CLRF       TRISB
;MyProject.c,6 :: 		trisd=1;
0x0023	0x3001      	MOVLW      1
0x0024	0x0088      	MOVWF      TRISD
;MyProject.c,7 :: 		trisc=0;
0x0025	0x0187      	CLRF       TRISC
;MyProject.c,8 :: 		portb=0;
0x0026	0x1283      	BCF        STATUS, 5
0x0027	0x0186      	CLRF       PORTB
;MyProject.c,9 :: 		portc=1;
0x0028	0x3001      	MOVLW      1
0x0029	0x0087      	MOVWF      PORTC
;MyProject.c,10 :: 		portd=0;
0x002A	0x0188      	CLRF       PORTD
;MyProject.c,11 :: 		delay_ms(100);
0x002B	0x3002      	MOVLW      2
0x002C	0x00FB      	MOVWF      R11
0x002D	0x3004      	MOVLW      4
0x002E	0x00FC      	MOVWF      R12
0x002F	0x30BA      	MOVLW      186
0x0030	0x00FD      	MOVWF      R13
L_main0:
0x0031	0x0BFD      	DECFSZ     R13, 1
0x0032	0x2831      	GOTO       L_main0
0x0033	0x0BFC      	DECFSZ     R12, 1
0x0034	0x2831      	GOTO       L_main0
0x0035	0x0BFB      	DECFSZ     R11, 1
0x0036	0x2831      	GOTO       L_main0
0x0037	0x0000      	NOP
;MyProject.c,12 :: 		portc.b0=1;
0x0038	0x1407      	BSF        PORTC, 0
;MyProject.c,13 :: 		while(1){
L_main1:
;MyProject.c,14 :: 		while(portd.b0!=1){
L_main3:
0x0039	0x1808      	BTFSC      PORTD, 0
0x003A	0x28E2      	GOTO       L_main4
;MyProject.c,15 :: 		for( i = 23; i >=1&&portd.b0!=1;i-- ){
0x003B	0x3017      	MOVLW      23
0x003C	0x00D4      	MOVWF      main_i_L0
0x003D	0x3000      	MOVLW      0
0x003E	0x00D5      	MOVWF      main_i_L0+1
L_main5:
0x003F	0x3080      	MOVLW      128
0x0040	0x0655      	XORWF      main_i_L0+1, 0
0x0041	0x00F0      	MOVWF      R0
0x0042	0x3080      	MOVLW      128
0x0043	0x0270      	SUBWF      R0, 0
0x0044	0x1D03      	BTFSS      STATUS, 2
0x0045	0x2848      	GOTO       L__main68
0x0046	0x3001      	MOVLW      1
0x0047	0x0254      	SUBWF      main_i_L0, 0
L__main68:
0x0048	0x1C03      	BTFSS      STATUS, 0
0x0049	0x288A      	GOTO       L_main6
0x004A	0x1808      	BTFSC      PORTD, 0
0x004B	0x288A      	GOTO       L_main6
L__main66:
;MyProject.c,16 :: 		portb=arr[i];
0x004C	0x0854      	MOVF       main_i_L0, 0
0x004D	0x00F0      	MOVWF      R0
0x004E	0x0855      	MOVF       main_i_L0+1, 0
0x004F	0x00F1      	MOVWF      R0+1
0x0050	0x0DF0      	RLF        R0, 1
0x0051	0x0DF1      	RLF        R0+1, 1
0x0052	0x1070      	BCF        R0, 0
0x0053	0x0870      	MOVF       R0, 0
0x0054	0x3E24      	ADDLW      main_arr_L0
0x0055	0x0084      	MOVWF      FSR
0x0056	0x0800      	MOVF       INDF, 0
0x0057	0x0086      	MOVWF      PORTB
;MyProject.c,17 :: 		portc.b1=1;
0x0058	0x1487      	BSF        PORTC, 1
;MyProject.c,18 :: 		portc.b2=0;
0x0059	0x1107      	BCF        PORTC, 2
;MyProject.c,19 :: 		portc.B3=0;
0x005A	0x1187      	BCF        PORTC, 3
;MyProject.c,20 :: 		portc.b4=0;
0x005B	0x1207      	BCF        PORTC, 4
;MyProject.c,21 :: 		if(i>3){portc.b5=0;}
0x005C	0x3080      	MOVLW      128
0x005D	0x00F0      	MOVWF      R0
0x005E	0x3080      	MOVLW      128
0x005F	0x0655      	XORWF      main_i_L0+1, 0
0x0060	0x0270      	SUBWF      R0, 0
0x0061	0x1D03      	BTFSS      STATUS, 2
0x0062	0x2865      	GOTO       L__main69
0x0063	0x0854      	MOVF       main_i_L0, 0
0x0064	0x3C03      	SUBLW      3
L__main69:
0x0065	0x1803      	BTFSC      STATUS, 0
0x0066	0x2869      	GOTO       L_main10
0x0067	0x1287      	BCF        PORTC, 5
0x0068	0x286A      	GOTO       L_main11
L_main10:
;MyProject.c,22 :: 		else {portc.b5=1;}
0x0069	0x1687      	BSF        PORTC, 5
L_main11:
;MyProject.c,23 :: 		if(i>3){portc.b6=1;}
0x006A	0x3080      	MOVLW      128
0x006B	0x00F0      	MOVWF      R0
0x006C	0x3080      	MOVLW      128
0x006D	0x0655      	XORWF      main_i_L0+1, 0
0x006E	0x0270      	SUBWF      R0, 0
0x006F	0x1D03      	BTFSS      STATUS, 2
0x0070	0x2873      	GOTO       L__main70
0x0071	0x0854      	MOVF       main_i_L0, 0
0x0072	0x3C03      	SUBLW      3
L__main70:
0x0073	0x1803      	BTFSC      STATUS, 0
0x0074	0x2877      	GOTO       L_main12
0x0075	0x1707      	BSF        PORTC, 6
0x0076	0x2878      	GOTO       L_main13
L_main12:
;MyProject.c,24 :: 		else{portc.b6=0;}
0x0077	0x1307      	BCF        PORTC, 6
L_main13:
;MyProject.c,25 :: 		delay_ms(100);
0x0078	0x3002      	MOVLW      2
0x0079	0x00FB      	MOVWF      R11
0x007A	0x3004      	MOVLW      4
0x007B	0x00FC      	MOVWF      R12
0x007C	0x30BA      	MOVLW      186
0x007D	0x00FD      	MOVWF      R13
L_main14:
0x007E	0x0BFD      	DECFSZ     R13, 1
0x007F	0x287E      	GOTO       L_main14
0x0080	0x0BFC      	DECFSZ     R12, 1
0x0081	0x287E      	GOTO       L_main14
0x0082	0x0BFB      	DECFSZ     R11, 1
0x0083	0x287E      	GOTO       L_main14
0x0084	0x0000      	NOP
;MyProject.c,15 :: 		for( i = 23; i >=1&&portd.b0!=1;i-- ){
0x0085	0x3001      	MOVLW      1
0x0086	0x02D4      	SUBWF      main_i_L0, 1
0x0087	0x1C03      	BTFSS      STATUS, 0
0x0088	0x03D5      	DECF       main_i_L0+1, 1
;MyProject.c,27 :: 		}
0x0089	0x283F      	GOTO       L_main5
L_main6:
;MyProject.c,28 :: 		flg=1;
0x008A	0x3001      	MOVLW      1
0x008B	0x00D6      	MOVWF      main_flg_L0
0x008C	0x3000      	MOVLW      0
0x008D	0x00D7      	MOVWF      main_flg_L0+1
;MyProject.c,29 :: 		mahh:
___main_mahh:
;MyProject.c,30 :: 		for(i=13;i>=1&&flg&&portd.b0!=1;i--){
0x008E	0x300D      	MOVLW      13
0x008F	0x00D4      	MOVWF      main_i_L0
0x0090	0x3000      	MOVLW      0
0x0091	0x00D5      	MOVWF      main_i_L0+1
L_main15:
0x0092	0x3080      	MOVLW      128
0x0093	0x0655      	XORWF      main_i_L0+1, 0
0x0094	0x00F0      	MOVWF      R0
0x0095	0x3080      	MOVLW      128
0x0096	0x0270      	SUBWF      R0, 0
0x0097	0x1D03      	BTFSS      STATUS, 2
0x0098	0x289B      	GOTO       L__main71
0x0099	0x3001      	MOVLW      1
0x009A	0x0254      	SUBWF      main_i_L0, 0
L__main71:
0x009B	0x1C03      	BTFSS      STATUS, 0
0x009C	0x28E1      	GOTO       L_main16
0x009D	0x0856      	MOVF       main_flg_L0, 0
0x009E	0x0457      	IORWF      main_flg_L0+1, 0
0x009F	0x1903      	BTFSC      STATUS, 2
0x00A0	0x28E1      	GOTO       L_main16
0x00A1	0x1808      	BTFSC      PORTD, 0
0x00A2	0x28E1      	GOTO       L_main16
L__main65:
;MyProject.c,31 :: 		portb=arr[i];
0x00A3	0x0854      	MOVF       main_i_L0, 0
0x00A4	0x00F0      	MOVWF      R0
0x00A5	0x0855      	MOVF       main_i_L0+1, 0
0x00A6	0x00F1      	MOVWF      R0+1
0x00A7	0x0DF0      	RLF        R0, 1
0x00A8	0x0DF1      	RLF        R0+1, 1
0x00A9	0x1070      	BCF        R0, 0
0x00AA	0x0870      	MOVF       R0, 0
0x00AB	0x3E24      	ADDLW      main_arr_L0
0x00AC	0x0084      	MOVWF      FSR
0x00AD	0x0800      	MOVF       INDF, 0
0x00AE	0x0086      	MOVWF      PORTB
;MyProject.c,32 :: 		portc.b1=0;
0x00AF	0x1087      	BCF        PORTC, 1
;MyProject.c,33 :: 		if(i>3)portc.b2=0;
0x00B0	0x3080      	MOVLW      128
0x00B1	0x00F0      	MOVWF      R0
0x00B2	0x3080      	MOVLW      128
0x00B3	0x0655      	XORWF      main_i_L0+1, 0
0x00B4	0x0270      	SUBWF      R0, 0
0x00B5	0x1D03      	BTFSS      STATUS, 2
0x00B6	0x28B9      	GOTO       L__main72
0x00B7	0x0854      	MOVF       main_i_L0, 0
0x00B8	0x3C03      	SUBLW      3
L__main72:
0x00B9	0x1803      	BTFSC      STATUS, 0
0x00BA	0x28BD      	GOTO       L_main20
0x00BB	0x1107      	BCF        PORTC, 2
0x00BC	0x28BE      	GOTO       L_main21
L_main20:
;MyProject.c,35 :: 		portc.b2=1;
0x00BD	0x1507      	BSF        PORTC, 2
;MyProject.c,36 :: 		}
L_main21:
;MyProject.c,37 :: 		if(i>3){portc.B3=1;}
0x00BE	0x3080      	MOVLW      128
0x00BF	0x00F0      	MOVWF      R0
0x00C0	0x3080      	MOVLW      128
0x00C1	0x0655      	XORWF      main_i_L0+1, 0
0x00C2	0x0270      	SUBWF      R0, 0
0x00C3	0x1D03      	BTFSS      STATUS, 2
0x00C4	0x28C7      	GOTO       L__main73
0x00C5	0x0854      	MOVF       main_i_L0, 0
0x00C6	0x3C03      	SUBLW      3
L__main73:
0x00C7	0x1803      	BTFSC      STATUS, 0
0x00C8	0x28CB      	GOTO       L_main22
0x00C9	0x1587      	BSF        PORTC, 3
0x00CA	0x28CC      	GOTO       L_main23
L_main22:
;MyProject.c,38 :: 		else{portc.B3=0;}
0x00CB	0x1187      	BCF        PORTC, 3
L_main23:
;MyProject.c,39 :: 		portc.b4=1;
0x00CC	0x1607      	BSF        PORTC, 4
;MyProject.c,40 :: 		portc.b5=0;
0x00CD	0x1287      	BCF        PORTC, 5
;MyProject.c,41 :: 		portc.b6=0;
0x00CE	0x1307      	BCF        PORTC, 6
;MyProject.c,42 :: 		delay_ms(100);
0x00CF	0x3002      	MOVLW      2
0x00D0	0x00FB      	MOVWF      R11
0x00D1	0x3004      	MOVLW      4
0x00D2	0x00FC      	MOVWF      R12
0x00D3	0x30BA      	MOVLW      186
0x00D4	0x00FD      	MOVWF      R13
L_main24:
0x00D5	0x0BFD      	DECFSZ     R13, 1
0x00D6	0x28D5      	GOTO       L_main24
0x00D7	0x0BFC      	DECFSZ     R12, 1
0x00D8	0x28D5      	GOTO       L_main24
0x00D9	0x0BFB      	DECFSZ     R11, 1
0x00DA	0x28D5      	GOTO       L_main24
0x00DB	0x0000      	NOP
;MyProject.c,30 :: 		for(i=13;i>=1&&flg&&portd.b0!=1;i--){
0x00DC	0x3001      	MOVLW      1
0x00DD	0x02D4      	SUBWF      main_i_L0, 1
0x00DE	0x1C03      	BTFSS      STATUS, 0
0x00DF	0x03D5      	DECF       main_i_L0+1, 1
;MyProject.c,44 :: 		}
0x00E0	0x2892      	GOTO       L_main15
L_main16:
;MyProject.c,45 :: 		}
0x00E1	0x2839      	GOTO       L_main3
L_main4:
;MyProject.c,46 :: 		while(portd.b0==1){
L_main25:
0x00E2	0x1C08      	BTFSS      PORTD, 0
0x00E3	0x297D      	GOTO       L_main26
;MyProject.c,47 :: 		int k=3;
0x00E4	0x3003      	MOVLW      3
0x00E5	0x00A2      	MOVWF      main_k_L2
0x00E6	0x3000      	MOVLW      0
0x00E7	0x00A3      	MOVWF      main_k_L2+1
;MyProject.c,48 :: 		if(portd.b0==1&&portc.b1==1){
0x00E8	0x1C08      	BTFSS      PORTD, 0
0x00E9	0x2932      	GOTO       L_main29
0x00EA	0x1C87      	BTFSS      PORTC, 1
0x00EB	0x2932      	GOTO       L_main29
L__main64:
;MyProject.c,49 :: 		for(k=3;k>0&&portd.b0==1;k--){
0x00EC	0x3003      	MOVLW      3
0x00ED	0x00A2      	MOVWF      main_k_L2
0x00EE	0x3000      	MOVLW      0
0x00EF	0x00A3      	MOVWF      main_k_L2+1
L_main30:
0x00F0	0x3080      	MOVLW      128
0x00F1	0x00F0      	MOVWF      R0
0x00F2	0x3080      	MOVLW      128
0x00F3	0x0623      	XORWF      main_k_L2+1, 0
0x00F4	0x0270      	SUBWF      R0, 0
0x00F5	0x1D03      	BTFSS      STATUS, 2
0x00F6	0x28F9      	GOTO       L__main74
0x00F7	0x0822      	MOVF       main_k_L2, 0
0x00F8	0x3C00      	SUBLW      0
L__main74:
0x00F9	0x1803      	BTFSC      STATUS, 0
0x00FA	0x291D      	GOTO       L_main31
0x00FB	0x1C08      	BTFSS      PORTD, 0
0x00FC	0x291D      	GOTO       L_main31
L__main63:
;MyProject.c,50 :: 		portb=arr[k];
0x00FD	0x0822      	MOVF       main_k_L2, 0
0x00FE	0x00F0      	MOVWF      R0
0x00FF	0x0823      	MOVF       main_k_L2+1, 0
0x0100	0x00F1      	MOVWF      R0+1
0x0101	0x0DF0      	RLF        R0, 1
0x0102	0x0DF1      	RLF        R0+1, 1
0x0103	0x1070      	BCF        R0, 0
0x0104	0x0870      	MOVF       R0, 0
0x0105	0x3E24      	ADDLW      main_arr_L0
0x0106	0x0084      	MOVWF      FSR
0x0107	0x0800      	MOVF       INDF, 0
0x0108	0x0086      	MOVWF      PORTB
;MyProject.c,51 :: 		portc.b5=1;
0x0109	0x1687      	BSF        PORTC, 5
;MyProject.c,52 :: 		portc.b6=0;
0x010A	0x1307      	BCF        PORTC, 6
;MyProject.c,53 :: 		delay_ms(100);
0x010B	0x3002      	MOVLW      2
0x010C	0x00FB      	MOVWF      R11
0x010D	0x3004      	MOVLW      4
0x010E	0x00FC      	MOVWF      R12
0x010F	0x30BA      	MOVLW      186
0x0110	0x00FD      	MOVWF      R13
L_main35:
0x0111	0x0BFD      	DECFSZ     R13, 1
0x0112	0x2911      	GOTO       L_main35
0x0113	0x0BFC      	DECFSZ     R12, 1
0x0114	0x2911      	GOTO       L_main35
0x0115	0x0BFB      	DECFSZ     R11, 1
0x0116	0x2911      	GOTO       L_main35
0x0117	0x0000      	NOP
;MyProject.c,49 :: 		for(k=3;k>0&&portd.b0==1;k--){
0x0118	0x3001      	MOVLW      1
0x0119	0x02A2      	SUBWF      main_k_L2, 1
0x011A	0x1C03      	BTFSS      STATUS, 0
0x011B	0x03A3      	DECF       main_k_L2+1, 1
;MyProject.c,54 :: 		}
0x011C	0x28F0      	GOTO       L_main30
L_main31:
;MyProject.c,55 :: 		portb=0;
0x011D	0x0186      	CLRF       PORTB
;MyProject.c,56 :: 		portc.b1=0;
0x011E	0x1087      	BCF        PORTC, 1
;MyProject.c,57 :: 		portc.b2=0;
0x011F	0x1107      	BCF        PORTC, 2
;MyProject.c,58 :: 		portc.b3=1;
0x0120	0x1587      	BSF        PORTC, 3
;MyProject.c,59 :: 		portc.b4=1;
0x0121	0x1607      	BSF        PORTC, 4
;MyProject.c,60 :: 		portc.b5=0;
0x0122	0x1287      	BCF        PORTC, 5
;MyProject.c,61 :: 		portc.b6=0;
0x0123	0x1307      	BCF        PORTC, 6
;MyProject.c,62 :: 		while(portd.b0==1&&portd.b1==0){
L_main36:
0x0124	0x1C08      	BTFSS      PORTD, 0
0x0125	0x2932      	GOTO       L_main37
0x0126	0x1888      	BTFSC      PORTD, 1
0x0127	0x2932      	GOTO       L_main37
L__main62:
;MyProject.c,63 :: 		delay_ms(10);
0x0128	0x301A      	MOVLW      26
0x0129	0x00FC      	MOVWF      R12
0x012A	0x30F8      	MOVLW      248
0x012B	0x00FD      	MOVWF      R13
L_main40:
0x012C	0x0BFD      	DECFSZ     R13, 1
0x012D	0x292C      	GOTO       L_main40
0x012E	0x0BFC      	DECFSZ     R12, 1
0x012F	0x292C      	GOTO       L_main40
0x0130	0x0000      	NOP
;MyProject.c,64 :: 		}
0x0131	0x2924      	GOTO       L_main36
L_main37:
;MyProject.c,65 :: 		}
L_main29:
;MyProject.c,67 :: 		if(portd.b0==1&&portc.b1==0){
0x0132	0x1C08      	BTFSS      PORTD, 0
0x0133	0x297C      	GOTO       L_main43
0x0134	0x1887      	BTFSC      PORTC, 1
0x0135	0x297C      	GOTO       L_main43
L__main61:
;MyProject.c,68 :: 		for(k=3;k>0&&portd.b0==1;k--){
0x0136	0x3003      	MOVLW      3
0x0137	0x00A2      	MOVWF      main_k_L2
0x0138	0x3000      	MOVLW      0
0x0139	0x00A3      	MOVWF      main_k_L2+1
L_main44:
0x013A	0x3080      	MOVLW      128
0x013B	0x00F0      	MOVWF      R0
0x013C	0x3080      	MOVLW      128
0x013D	0x0623      	XORWF      main_k_L2+1, 0
0x013E	0x0270      	SUBWF      R0, 0
0x013F	0x1D03      	BTFSS      STATUS, 2
0x0140	0x2943      	GOTO       L__main75
0x0141	0x0822      	MOVF       main_k_L2, 0
0x0142	0x3C00      	SUBLW      0
L__main75:
0x0143	0x1803      	BTFSC      STATUS, 0
0x0144	0x2967      	GOTO       L_main45
0x0145	0x1C08      	BTFSS      PORTD, 0
0x0146	0x2967      	GOTO       L_main45
L__main60:
;MyProject.c,69 :: 		portb=arr[k];
0x0147	0x0822      	MOVF       main_k_L2, 0
0x0148	0x00F0      	MOVWF      R0
0x0149	0x0823      	MOVF       main_k_L2+1, 0
0x014A	0x00F1      	MOVWF      R0+1
0x014B	0x0DF0      	RLF        R0, 1
0x014C	0x0DF1      	RLF        R0+1, 1
0x014D	0x1070      	BCF        R0, 0
0x014E	0x0870      	MOVF       R0, 0
0x014F	0x3E24      	ADDLW      main_arr_L0
0x0150	0x0084      	MOVWF      FSR
0x0151	0x0800      	MOVF       INDF, 0
0x0152	0x0086      	MOVWF      PORTB
;MyProject.c,70 :: 		portc.B2=1;
0x0153	0x1507      	BSF        PORTC, 2
;MyProject.c,71 :: 		portc.b3=0;
0x0154	0x1187      	BCF        PORTC, 3
;MyProject.c,72 :: 		delay_ms(100);
0x0155	0x3002      	MOVLW      2
0x0156	0x00FB      	MOVWF      R11
0x0157	0x3004      	MOVLW      4
0x0158	0x00FC      	MOVWF      R12
0x0159	0x30BA      	MOVLW      186
0x015A	0x00FD      	MOVWF      R13
L_main49:
0x015B	0x0BFD      	DECFSZ     R13, 1
0x015C	0x295B      	GOTO       L_main49
0x015D	0x0BFC      	DECFSZ     R12, 1
0x015E	0x295B      	GOTO       L_main49
0x015F	0x0BFB      	DECFSZ     R11, 1
0x0160	0x295B      	GOTO       L_main49
0x0161	0x0000      	NOP
;MyProject.c,68 :: 		for(k=3;k>0&&portd.b0==1;k--){
0x0162	0x3001      	MOVLW      1
0x0163	0x02A2      	SUBWF      main_k_L2, 1
0x0164	0x1C03      	BTFSS      STATUS, 0
0x0165	0x03A3      	DECF       main_k_L2+1, 1
;MyProject.c,73 :: 		}
0x0166	0x293A      	GOTO       L_main44
L_main45:
;MyProject.c,74 :: 		portb=0;
0x0167	0x0186      	CLRF       PORTB
;MyProject.c,75 :: 		portc.b1=1;
0x0168	0x1487      	BSF        PORTC, 1
;MyProject.c,76 :: 		portc.b2=0;
0x0169	0x1107      	BCF        PORTC, 2
;MyProject.c,77 :: 		portc.b3=0;
0x016A	0x1187      	BCF        PORTC, 3
;MyProject.c,78 :: 		portc.b4=0;
0x016B	0x1207      	BCF        PORTC, 4
;MyProject.c,79 :: 		portc.B5=0;
0x016C	0x1287      	BCF        PORTC, 5
;MyProject.c,80 :: 		portc.b6=1;
0x016D	0x1707      	BSF        PORTC, 6
;MyProject.c,81 :: 		while(portd.b0==1&&portd.b1==0){
L_main50:
0x016E	0x1C08      	BTFSS      PORTD, 0
0x016F	0x297C      	GOTO       L_main51
0x0170	0x1888      	BTFSC      PORTD, 1
0x0171	0x297C      	GOTO       L_main51
L__main59:
;MyProject.c,82 :: 		delay_ms(10);
0x0172	0x301A      	MOVLW      26
0x0173	0x00FC      	MOVWF      R12
0x0174	0x30F8      	MOVLW      248
0x0175	0x00FD      	MOVWF      R13
L_main54:
0x0176	0x0BFD      	DECFSZ     R13, 1
0x0177	0x2976      	GOTO       L_main54
0x0178	0x0BFC      	DECFSZ     R12, 1
0x0179	0x2976      	GOTO       L_main54
0x017A	0x0000      	NOP
;MyProject.c,83 :: 		}
0x017B	0x296E      	GOTO       L_main50
L_main51:
;MyProject.c,84 :: 		}
L_main43:
;MyProject.c,85 :: 		}
0x017C	0x28E2      	GOTO       L_main25
L_main26:
;MyProject.c,88 :: 		if(portc.b4==1&&portc.b3==1){ goto mahh;  }
0x017D	0x1E07      	BTFSS      PORTC, 4
0x017E	0x2982      	GOTO       L_main57
0x017F	0x1D87      	BTFSS      PORTC, 3
0x0180	0x2982      	GOTO       L_main57
L__main58:
0x0181	0x288E      	GOTO       ___main_mahh
L_main57:
;MyProject.c,91 :: 		}
0x0182	0x2839      	GOTO       L_main1
;MyProject.c,92 :: 		}
L_end_main:
0x0183	0x2983      	GOTO       $+0
; end of _main
;MyProject.c,0 :: ?ICSmain_k_L2
0x0184	0x3403 ;?ICSmain_k_L2+0
0x0185	0x3400 ;?ICSmain_k_L2+1
; end of ?ICSmain_k_L2
;MyProject.c,0 :: ?ICSmain_arr_L0
0x0186	0x3400 ;?ICSmain_arr_L0+0
0x0187	0x3400 ;?ICSmain_arr_L0+1
0x0188	0x3401 ;?ICSmain_arr_L0+2
0x0189	0x3400 ;?ICSmain_arr_L0+3
0x018A	0x3402 ;?ICSmain_arr_L0+4
0x018B	0x3400 ;?ICSmain_arr_L0+5
0x018C	0x3403 ;?ICSmain_arr_L0+6
0x018D	0x3400 ;?ICSmain_arr_L0+7
0x018E	0x3404 ;?ICSmain_arr_L0+8
0x018F	0x3400 ;?ICSmain_arr_L0+9
0x0190	0x3405 ;?ICSmain_arr_L0+10
0x0191	0x3400 ;?ICSmain_arr_L0+11
0x0192	0x3406 ;?ICSmain_arr_L0+12
0x0193	0x3400 ;?ICSmain_arr_L0+13
0x0194	0x3407 ;?ICSmain_arr_L0+14
0x0195	0x3400 ;?ICSmain_arr_L0+15
0x0196	0x3408 ;?ICSmain_arr_L0+16
0x0197	0x3400 ;?ICSmain_arr_L0+17
0x0198	0x3409 ;?ICSmain_arr_L0+18
0x0199	0x3400 ;?ICSmain_arr_L0+19
0x019A	0x3410 ;?ICSmain_arr_L0+20
0x019B	0x3400 ;?ICSmain_arr_L0+21
0x019C	0x3411 ;?ICSmain_arr_L0+22
0x019D	0x3400 ;?ICSmain_arr_L0+23
0x019E	0x3412 ;?ICSmain_arr_L0+24
0x019F	0x3400 ;?ICSmain_arr_L0+25
0x01A0	0x3413 ;?ICSmain_arr_L0+26
0x01A1	0x3400 ;?ICSmain_arr_L0+27
0x01A2	0x3414 ;?ICSmain_arr_L0+28
0x01A3	0x3400 ;?ICSmain_arr_L0+29
0x01A4	0x3415 ;?ICSmain_arr_L0+30
0x01A5	0x3400 ;?ICSmain_arr_L0+31
0x01A6	0x3416 ;?ICSmain_arr_L0+32
0x01A7	0x3400 ;?ICSmain_arr_L0+33
0x01A8	0x3417 ;?ICSmain_arr_L0+34
0x01A9	0x3400 ;?ICSmain_arr_L0+35
0x01AA	0x3418 ;?ICSmain_arr_L0+36
0x01AB	0x3400 ;?ICSmain_arr_L0+37
0x01AC	0x3419 ;?ICSmain_arr_L0+38
0x01AD	0x3400 ;?ICSmain_arr_L0+39
0x01AE	0x3420 ;?ICSmain_arr_L0+40
0x01AF	0x3400 ;?ICSmain_arr_L0+41
0x01B0	0x3421 ;?ICSmain_arr_L0+42
0x01B1	0x3400 ;?ICSmain_arr_L0+43
0x01B2	0x3422 ;?ICSmain_arr_L0+44
0x01B3	0x3400 ;?ICSmain_arr_L0+45
0x01B4	0x3423 ;?ICSmain_arr_L0+46
0x01B5	0x3400 ;?ICSmain_arr_L0+47
; end of ?ICSmain_arr_L0
;MyProject.c,0 :: ?ICSmain_i_L0
0x01B6	0x3400 ;?ICSmain_i_L0+0
0x01B7	0x3400 ;?ICSmain_i_L0+1
; end of ?ICSmain_i_L0
;MyProject.c,0 :: ?ICSmain_flg_L0
0x01B8	0x3400 ;?ICSmain_flg_L0+0
0x01B9	0x3400 ;?ICSmain_flg_L0+1
; end of ?ICSmain_flg_L0
Symbol List:
//** Routines locations **
//ADDRESS    SIZE    PROCEDURE
//----------------------------------------------
0x0003       [7]    _____DoICP
0x000A      [12]    ___CC2DW
0x0016     [366]    _main
//** Variables locations ** 
//ADDRESS    SIZE    VARIABLE
//----------------------------------------------
0x0000       [1]    INDF
0x0002       [1]    PCL
0x0003       [1]    STATUS
0x0004       [1]    FSR
0x0006       [1]    PORTB
0x0007       [1]    PORTC
0x0008       [1]    PORTD
0x000A       [1]    PCLATH
0x0020       [2]    ___DoICPAddr
0x0022       [2]    main_k_L2
0x0024      [48]    main_arr_L0
0x0054       [2]    main_i_L0
0x0056       [2]    main_flg_L0
0x0070       [1]    R0
0x0071       [1]    R1
0x0072       [1]    R2
0x0073       [1]    R3
0x0074       [1]    R4
0x0075       [1]    R5
0x0076       [1]    R6
0x0077       [1]    R7
0x0078       [1]    R8
0x0079       [1]    R9
0x007A       [1]    R10
0x007B       [1]    R11
0x007C       [1]    R12
0x007D       [1]    R13
0x007E       [1]    R14
0x007F       [1]    R15
0x0086       [1]    TRISB
0x0087       [1]    TRISC
0x0088       [1]    TRISD
//** Constants locations ** 
//ADDRESS    SIZE    CONSTANT
//----------------------------------------------
0x0184       [2]    ?ICSmain_k_L2
0x0186      [48]    ?ICSmain_arr_L0
0x01B6       [2]    ?ICSmain_i_L0
0x01B8       [2]    ?ICSmain_flg_L0
//** Label List: ** 
//----------------------------------------------
  L_main0
  L_main1
  L_main2
  L_main3
  L_main4
  L_main5
  L_main6
  L_main7
  L_main8
  L_main9
  L_main10
  L_main11
  L_main12
  L_main13
  L_main14
  ___main_mahh
  L_main15
  L_main16
  L_main17
  L_main18
  L_main19
  L_main20
  L_main21
  L_main22
  L_main23
  L_main24
  L_main25
  L_main26
  L_main27
  L_main28
  L_main29
  L_main30
  L_main31
  L_main32
  L_main33
  L_main34
  L_main35
  L_main36
  L_main37
  L_main38
  L_main39
  L_main40
  L_main41
  L_main42
  L_main43
  L_main44
  L_main45
  L_main46
  L_main47
  L_main48
  L_main49
  L_main50
  L_main51
  L_main52
  L_main53
  L_main54
  L_main55
  L_main56
  L_main57
  L__main58
  L__main59
  L__main60
  L__main61
  L__main62
  L__main63
  L__main64
  L__main65
  L__main66
  L_end_main
  _main
  L__main68
  L__main69
  L__main70
  L__main71
  L__main72
  L__main73
  L__main74
  L__main75
  L_loopCA2AWs
  L_CA2AWend
  _CCA2AW_Loop1
  L_loopCS2Ss
  L_CS2Send
  _CCS2S_Loop1
  L_CCS2Send
  L_loopFZinSWs
  L_FZinSend
  _CC2D_Loop1
  L_end_____DoICP
  _____DoICP
  L_end_____DoIFC
  _____DoIFC
  L_end___CA2AW
  ___CA2AW
  L_end___CCA2AW
  ___CCA2AW
  L_end___CS2S
  ___CS2S
  L_end___CCS2S
  ___CCS2S
  L_end___FZinS
  ___FZinS
  L_end___CC2DW
  ___CC2DW
  L_end_Swap
  _Swap
